[2025-12-14T22:16:42.073+0000] {manager.py:470} INFO - Processing files using up to 2 processes at a time 
[2025-12-14T22:16:42.076+0000] {manager.py:471} INFO - Process each file at most once every 30 seconds
[2025-12-14T22:16:42.080+0000] {manager.py:472} INFO - Checking for new files in /opt/airflow/dags every 300 seconds
[2025-12-14T22:16:42.085+0000] {manager.py:737} INFO - Searching for files in /opt/airflow/dags
[2025-12-14T22:16:42.102+0000] {manager.py:740} INFO - There are 0 files in /opt/airflow/dags
[2025-12-14T22:21:42.733+0000] {manager.py:737} INFO - Searching for files in /opt/airflow/dags
[2025-12-14T22:21:42.742+0000] {manager.py:740} INFO - There are 0 files in /opt/airflow/dags
[2025-12-14T22:26:43.449+0000] {manager.py:737} INFO - Searching for files in /opt/airflow/dags
[2025-12-14T22:26:43.460+0000] {manager.py:740} INFO - There are 0 files in /opt/airflow/dags
[2025-12-14T22:26:45.339+0000] {manager.py:452} INFO - Exiting gracefully upon receiving signal 15
[2025-12-14T22:33:51.788+0000] {manager.py:470} INFO - Processing files using up to 2 processes at a time 
[2025-12-14T22:33:51.798+0000] {manager.py:471} INFO - Process each file at most once every 30 seconds
[2025-12-14T22:33:51.804+0000] {manager.py:472} INFO - Checking for new files in /opt/airflow/dags every 300 seconds
[2025-12-14T22:33:51.806+0000] {manager.py:737} INFO - Searching for files in /opt/airflow/dags
[2025-12-14T22:33:51.904+0000] {manager.py:740} INFO - There are 0 files in /opt/airflow/dags
[2025-12-14T22:38:52.560+0000] {manager.py:737} INFO - Searching for files in /opt/airflow/dags
[2025-12-14T22:38:52.571+0000] {manager.py:740} INFO - There are 0 files in /opt/airflow/dags
[2025-12-14T22:43:53.029+0000] {manager.py:737} INFO - Searching for files in /opt/airflow/dags
[2025-12-14T22:43:53.057+0000] {manager.py:740} INFO - There are 0 files in /opt/airflow/dags
[2025-12-14T22:48:53.912+0000] {manager.py:737} INFO - Searching for files in /opt/airflow/dags
[2025-12-14T22:48:53.928+0000] {manager.py:740} INFO - There are 0 files in /opt/airflow/dags
[2025-12-14T22:53:54.652+0000] {manager.py:737} INFO - Searching for files in /opt/airflow/dags
[2025-12-14T22:53:54.680+0000] {manager.py:740} INFO - There are 1 files in /opt/airflow/dags
[2025-12-14T22:54:03.836+0000] {manager.py:878} INFO - 
================================================================================
DAG File Processing Stats

File Path                                                    PID    Runtime      # DAGs    # Errors  Last Runtime    Last Run
-----------------------------------------------------------  -----  ---------  --------  ----------  --------------  -------------------
/opt/airflow/dags/stock_potofolio_pipeline_{The_Experts}.py                           0           1  0.11s           2025-12-14T22:53:54
================================================================================
[2025-12-14T22:54:34.472+0000] {manager.py:878} INFO - 
================================================================================
DAG File Processing Stats

File Path                                                    PID    Runtime      # DAGs    # Errors  Last Runtime    Last Run
-----------------------------------------------------------  -----  ---------  --------  ----------  --------------  -------------------
/opt/airflow/dags/stock_potofolio_pipeline_{The_Experts}.py                           0           1  0.27s           2025-12-14T22:54:25
================================================================================
[2025-12-14T22:55:05.419+0000] {manager.py:878} INFO - 
================================================================================
DAG File Processing Stats

File Path                                                    PID    Runtime      # DAGs    # Errors  Last Runtime    Last Run
-----------------------------------------------------------  -----  ---------  --------  ----------  --------------  -------------------
/opt/airflow/dags/stock_potofolio_pipeline_{The_Experts}.py                           0           1  0.31s           2025-12-14T22:54:56
================================================================================
[2025-12-14T22:55:35.970+0000] {manager.py:878} INFO - 
================================================================================
DAG File Processing Stats

File Path                                                    PID    Runtime      # DAGs    # Errors  Last Runtime    Last Run
-----------------------------------------------------------  -----  ---------  --------  ----------  --------------  -------------------
/opt/airflow/dags/stock_potofolio_pipeline_{The_Experts}.py                           0           1  0.13s           2025-12-14T22:55:26
================================================================================
[2025-12-14T22:56:06.364+0000] {manager.py:878} INFO - 
================================================================================
DAG File Processing Stats

File Path                                                    PID    Runtime      # DAGs    # Errors  Last Runtime    Last Run
-----------------------------------------------------------  -----  ---------  --------  ----------  --------------  -------------------
/opt/airflow/dags/stock_potofolio_pipeline_{The_Experts}.py                           0           1  0.11s           2025-12-14T22:55:57
================================================================================
[2025-12-14T22:56:36.801+0000] {manager.py:878} INFO - 
================================================================================
DAG File Processing Stats

File Path                                                    PID    Runtime      # DAGs    # Errors  Last Runtime    Last Run
-----------------------------------------------------------  -----  ---------  --------  ----------  --------------  -------------------
/opt/airflow/dags/stock_potofolio_pipeline_{The_Experts}.py                           0           1  0.11s           2025-12-14T22:56:27
================================================================================
[2025-12-14T22:57:07.322+0000] {manager.py:878} INFO - 
================================================================================
DAG File Processing Stats

File Path                                                    PID    Runtime      # DAGs    # Errors  Last Runtime    Last Run
-----------------------------------------------------------  -----  ---------  --------  ----------  --------------  -------------------
/opt/airflow/dags/stock_potofolio_pipeline_{The_Experts}.py                           0           1  0.18s           2025-12-14T22:56:58
================================================================================
[2025-12-14T22:57:37.688+0000] {manager.py:878} INFO - 
================================================================================
DAG File Processing Stats

File Path                                                    PID    Runtime      # DAGs    # Errors  Last Runtime    Last Run
-----------------------------------------------------------  -----  ---------  --------  ----------  --------------  -------------------
/opt/airflow/dags/stock_potofolio_pipeline_{The_Experts}.py                           0           1  0.11s           2025-12-14T22:57:28
================================================================================
[2025-12-14T22:58:08.199+0000] {manager.py:878} INFO - 
================================================================================
DAG File Processing Stats

File Path                                                    PID    Runtime      # DAGs    # Errors  Last Runtime    Last Run
-----------------------------------------------------------  -----  ---------  --------  ----------  --------------  -------------------
/opt/airflow/dags/stock_potofolio_pipeline_{The_Experts}.py                           0           1  0.23s           2025-12-14T22:57:59
================================================================================
[2025-12-14T22:58:38.783+0000] {manager.py:878} INFO - 
================================================================================
DAG File Processing Stats

File Path                                                    PID    Runtime      # DAGs    # Errors  Last Runtime    Last Run
-----------------------------------------------------------  -----  ---------  --------  ----------  --------------  -------------------
/opt/airflow/dags/stock_potofolio_pipeline_{The_Experts}.py                           0           1  0.18s           2025-12-14T22:58:29
================================================================================
[2025-12-14T22:58:54.976+0000] {manager.py:737} INFO - Searching for files in /opt/airflow/dags
[2025-12-14T22:58:55.043+0000] {manager.py:740} INFO - There are 1 files in /opt/airflow/dags
[2025-12-14T22:59:09.350+0000] {manager.py:878} INFO - 
================================================================================
DAG File Processing Stats

File Path                                                    PID    Runtime      # DAGs    # Errors  Last Runtime    Last Run
-----------------------------------------------------------  -----  ---------  --------  ----------  --------------  -------------------
/opt/airflow/dags/stock_potofolio_pipeline_{The_Experts}.py                           0           1  0.12s           2025-12-14T22:59:00
================================================================================
[2025-12-14T22:59:39.808+0000] {manager.py:878} INFO - 
================================================================================
DAG File Processing Stats

File Path                                                    PID    Runtime      # DAGs    # Errors  Last Runtime    Last Run
-----------------------------------------------------------  -----  ---------  --------  ----------  --------------  -------------------
/opt/airflow/dags/stock_potofolio_pipeline_{The_Experts}.py                           0           1  0.13s           2025-12-14T22:59:30
================================================================================
[2025-12-14T23:00:10.332+0000] {manager.py:878} INFO - 
================================================================================
DAG File Processing Stats

File Path                                                    PID    Runtime      # DAGs    # Errors  Last Runtime    Last Run
-----------------------------------------------------------  -----  ---------  --------  ----------  --------------  -------------------
/opt/airflow/dags/stock_potofolio_pipeline_{The_Experts}.py                           0           1  0.11s           2025-12-14T23:00:01
================================================================================
[2025-12-14T23:00:40.732+0000] {manager.py:878} INFO - 
================================================================================
DAG File Processing Stats

File Path                                                    PID    Runtime      # DAGs    # Errors  Last Runtime    Last Run
-----------------------------------------------------------  -----  ---------  --------  ----------  --------------  -------------------
/opt/airflow/dags/stock_potofolio_pipeline_{The_Experts}.py                           0           1  0.15s           2025-12-14T23:00:31
================================================================================
[2025-12-14T23:01:11.322+0000] {manager.py:878} INFO - 
================================================================================
DAG File Processing Stats

File Path                                                    PID    Runtime      # DAGs    # Errors  Last Runtime    Last Run
-----------------------------------------------------------  -----  ---------  --------  ----------  --------------  -------------------
/opt/airflow/dags/stock_potofolio_pipeline_{The_Experts}.py                           0           1  0.17s           2025-12-14T23:01:02
================================================================================
[2025-12-14T23:01:41.863+0000] {manager.py:878} INFO - 
================================================================================
DAG File Processing Stats

File Path                                                    PID    Runtime      # DAGs    # Errors  Last Runtime    Last Run
-----------------------------------------------------------  -----  ---------  --------  ----------  --------------  -------------------
/opt/airflow/dags/stock_potofolio_pipeline_{The_Experts}.py                           0           1  0.13s           2025-12-14T23:01:32
================================================================================
[2025-12-14T23:02:12.337+0000] {manager.py:878} INFO - 
================================================================================
DAG File Processing Stats

File Path                                                    PID    Runtime      # DAGs    # Errors  Last Runtime    Last Run
-----------------------------------------------------------  -----  ---------  --------  ----------  --------------  -------------------
/opt/airflow/dags/stock_potofolio_pipeline_{The_Experts}.py                           0           1  0.11s           2025-12-14T23:02:03
================================================================================
[2025-12-14T23:02:42.858+0000] {manager.py:878} INFO - 
================================================================================
DAG File Processing Stats

File Path                                                    PID    Runtime      # DAGs    # Errors  Last Runtime    Last Run
-----------------------------------------------------------  -----  ---------  --------  ----------  --------------  -------------------
/opt/airflow/dags/stock_potofolio_pipeline_{The_Experts}.py                           0           1  0.14s           2025-12-14T23:02:33
================================================================================
[2025-12-14T23:03:11.776+0000] {manager.py:452} INFO - Exiting gracefully upon receiving signal 15
[2025-12-14T23:03:39.083+0000] {manager.py:470} INFO - Processing files using up to 2 processes at a time 
[2025-12-14T23:03:39.087+0000] {manager.py:471} INFO - Process each file at most once every 30 seconds
[2025-12-14T23:03:39.090+0000] {manager.py:472} INFO - Checking for new files in /opt/airflow/dags every 300 seconds
[2025-12-14T23:03:39.092+0000] {manager.py:737} INFO - Searching for files in /opt/airflow/dags
[2025-12-14T23:03:39.120+0000] {manager.py:740} INFO - There are 1 files in /opt/airflow/dags
[2025-12-14T23:03:39.414+0000] {manager.py:878} INFO - 
================================================================================
DAG File Processing Stats

File Path                                                      PID  Runtime      # DAGs    # Errors  Last Runtime    Last Run
-----------------------------------------------------------  -----  ---------  --------  ----------  --------------  ----------
/opt/airflow/dags/stock_potofolio_pipeline_{The_Experts}.py    160  0.15s             0           0
================================================================================
[2025-12-14T23:04:09.981+0000] {manager.py:878} INFO - 
================================================================================
DAG File Processing Stats

File Path                                                      PID  Runtime      # DAGs    # Errors  Last Runtime    Last Run
-----------------------------------------------------------  -----  ---------  --------  ----------  --------------  -------------------
/opt/airflow/dags/stock_potofolio_pipeline_{The_Experts}.py    165  0.01s             0           1  0.33s           2025-12-14T23:03:39
================================================================================
[2025-12-14T23:04:40.710+0000] {manager.py:878} INFO - 
================================================================================
DAG File Processing Stats

File Path                                                      PID  Runtime      # DAGs    # Errors  Last Runtime    Last Run
-----------------------------------------------------------  -----  ---------  --------  ----------  --------------  -------------------
/opt/airflow/dags/stock_potofolio_pipeline_{The_Experts}.py    170  0.01s             0           1  0.13s           2025-12-14T23:04:10
================================================================================
[2025-12-14T23:05:11.169+0000] {manager.py:878} INFO - 
================================================================================
DAG File Processing Stats

File Path                                                      PID  Runtime      # DAGs    # Errors  Last Runtime    Last Run
-----------------------------------------------------------  -----  ---------  --------  ----------  --------------  -------------------
/opt/airflow/dags/stock_potofolio_pipeline_{The_Experts}.py    175  0.01s             0           1  0.12s           2025-12-14T23:04:40
================================================================================
[2025-12-14T23:05:41.563+0000] {manager.py:878} INFO - 
================================================================================
DAG File Processing Stats

File Path                                                      PID  Runtime      # DAGs    # Errors  Last Runtime    Last Run
-----------------------------------------------------------  -----  ---------  --------  ----------  --------------  -------------------
/opt/airflow/dags/stock_potofolio_pipeline_{The_Experts}.py    180  0.02s             0           1  0.14s           2025-12-14T23:05:11
================================================================================
[2025-12-14T23:06:11.895+0000] {manager.py:878} INFO - 
================================================================================
DAG File Processing Stats

File Path                                                      PID  Runtime      # DAGs    # Errors  Last Runtime    Last Run
-----------------------------------------------------------  -----  ---------  --------  ----------  --------------  -------------------
/opt/airflow/dags/stock_potofolio_pipeline_{The_Experts}.py    185  0.01s             0           1  0.21s           2025-12-14T23:05:41
================================================================================
[2025-12-14T23:06:41.973+0000] {manager.py:878} INFO - 
================================================================================
DAG File Processing Stats

File Path                                                    PID    Runtime      # DAGs    # Errors  Last Runtime    Last Run
-----------------------------------------------------------  -----  ---------  --------  ----------  --------------  -------------------
/opt/airflow/dags/stock_potofolio_pipeline_{The_Experts}.py                           0           1  0.19s           2025-12-14T23:06:12
================================================================================
[2025-12-14T23:07:12.444+0000] {manager.py:878} INFO - 
================================================================================
DAG File Processing Stats

File Path                                                    PID    Runtime      # DAGs    # Errors  Last Runtime    Last Run
-----------------------------------------------------------  -----  ---------  --------  ----------  --------------  -------------------
/opt/airflow/dags/stock_potofolio_pipeline_{The_Experts}.py                           0           1  0.27s           2025-12-14T23:06:42
================================================================================
[2025-12-14T23:07:43.151+0000] {manager.py:878} INFO - 
================================================================================
DAG File Processing Stats

File Path                                                    PID    Runtime      # DAGs    # Errors  Last Runtime    Last Run
-----------------------------------------------------------  -----  ---------  --------  ----------  --------------  -------------------
/opt/airflow/dags/stock_potofolio_pipeline_{The_Experts}.py                           0           1  0.19s           2025-12-14T23:07:13
================================================================================
[2025-12-14T23:08:13.579+0000] {manager.py:878} INFO - 
================================================================================
DAG File Processing Stats

File Path                                                    PID    Runtime      # DAGs    # Errors  Last Runtime    Last Run
-----------------------------------------------------------  -----  ---------  --------  ----------  --------------  -------------------
/opt/airflow/dags/stock_potofolio_pipeline_{The_Experts}.py                           0           1  0.15s           2025-12-14T23:07:44
================================================================================
[2025-12-14T23:08:40.030+0000] {manager.py:737} INFO - Searching for files in /opt/airflow/dags
[2025-12-14T23:08:40.146+0000] {manager.py:740} INFO - There are 1 files in /opt/airflow/dags
[2025-12-14T23:08:44.467+0000] {manager.py:878} INFO - 
================================================================================
DAG File Processing Stats

File Path                                                    PID    Runtime      # DAGs    # Errors  Last Runtime    Last Run
-----------------------------------------------------------  -----  ---------  --------  ----------  --------------  -------------------
/opt/airflow/dags/stock_potofolio_pipeline_{The_Experts}.py                           0           1  0.10s           2025-12-14T23:08:14
================================================================================
[2025-12-14T23:09:14.851+0000] {manager.py:878} INFO - 
================================================================================
DAG File Processing Stats

File Path                                                    PID    Runtime      # DAGs    # Errors  Last Runtime    Last Run
-----------------------------------------------------------  -----  ---------  --------  ----------  --------------  -------------------
/opt/airflow/dags/stock_potofolio_pipeline_{The_Experts}.py                           0           1  0.12s           2025-12-14T23:08:45
================================================================================
[2025-12-14T23:09:45.516+0000] {manager.py:878} INFO - 
================================================================================
DAG File Processing Stats

File Path                                                    PID    Runtime      # DAGs    # Errors  Last Runtime    Last Run
-----------------------------------------------------------  -----  ---------  --------  ----------  --------------  -------------------
/opt/airflow/dags/stock_potofolio_pipeline_{The_Experts}.py                           0           1  0.23s           2025-12-14T23:09:16
================================================================================
[2025-12-14T23:10:16.102+0000] {manager.py:878} INFO - 
================================================================================
DAG File Processing Stats

File Path                                                    PID    Runtime      # DAGs    # Errors  Last Runtime    Last Run
-----------------------------------------------------------  -----  ---------  --------  ----------  --------------  -------------------
/opt/airflow/dags/stock_potofolio_pipeline_{The_Experts}.py                           0           1  0.14s           2025-12-14T23:09:46
================================================================================
[2025-12-14T23:10:46.534+0000] {manager.py:878} INFO - 
================================================================================
DAG File Processing Stats

File Path                                                    PID    Runtime      # DAGs    # Errors  Last Runtime    Last Run
-----------------------------------------------------------  -----  ---------  --------  ----------  --------------  -------------------
/opt/airflow/dags/stock_potofolio_pipeline_{The_Experts}.py                           0           1  0.13s           2025-12-14T23:10:17
================================================================================
[2025-12-14T23:11:17.010+0000] {manager.py:878} INFO - 
================================================================================
DAG File Processing Stats

File Path                                                    PID    Runtime      # DAGs    # Errors  Last Runtime    Last Run
-----------------------------------------------------------  -----  ---------  --------  ----------  --------------  -------------------
/opt/airflow/dags/stock_potofolio_pipeline_{The_Experts}.py                           0           1  0.12s           2025-12-14T23:10:47
================================================================================
[2025-12-14T23:11:29.268+0000] {manager.py:452} INFO - Exiting gracefully upon receiving signal 15
