[2025-12-14T22:53:54.754+0000] {processor.py:161} INFO - Started process (PID=159) to work on /opt/airflow/dags/stock_potofolio_pipeline_{The_Experts}.py
[2025-12-14T22:53:54.755+0000] {processor.py:830} INFO - Processing file /opt/airflow/dags/stock_potofolio_pipeline_{The_Experts}.py for tasks to queue
[2025-12-14T22:53:54.759+0000] {logging_mixin.py:188} INFO - [2025-12-14T22:53:54.758+0000] {dagbag.py:545} INFO - Filling up the DagBag from /opt/airflow/dags/stock_potofolio_pipeline_{The_Experts}.py
[2025-12-14T22:53:54.779+0000] {logging_mixin.py:188} INFO - [2025-12-14T22:53:54.776+0000] {dagbag.py:355} ERROR - Failed to import: /opt/airflow/dags/stock_potofolio_pipeline_{The_Experts}.py
Traceback (most recent call last):
  File "/home/airflow/.local/lib/python3.12/site-packages/airflow/models/dagbag.py", line 351, in parse
    loader.exec_module(new_module)
  File "<frozen importlib._bootstrap_external>", line 991, in exec_module
  File "<frozen importlib._bootstrap_external>", line 1129, in get_code
  File "<frozen importlib._bootstrap_external>", line 1059, in source_to_code
  File "<frozen importlib._bootstrap>", line 488, in _call_with_frames_removed
  File "/opt/airflow/dags/stock_potofolio_pipeline_{The_Experts}.py", line 33
    
    ^
IndentationError: expected an indented block after 'with' statement on line 24
[2025-12-14T22:53:54.780+0000] {processor.py:842} WARNING - No viable dags retrieved from /opt/airflow/dags/stock_potofolio_pipeline_{The_Experts}.py
[2025-12-14T22:53:54.813+0000] {processor.py:183} INFO - Processing /opt/airflow/dags/stock_potofolio_pipeline_{The_Experts}.py took 0.068 seconds
[2025-12-14T22:54:25.338+0000] {processor.py:161} INFO - Started process (PID=164) to work on /opt/airflow/dags/stock_potofolio_pipeline_{The_Experts}.py
[2025-12-14T22:54:25.340+0000] {processor.py:830} INFO - Processing file /opt/airflow/dags/stock_potofolio_pipeline_{The_Experts}.py for tasks to queue
[2025-12-14T22:54:25.349+0000] {logging_mixin.py:188} INFO - [2025-12-14T22:54:25.347+0000] {dagbag.py:545} INFO - Filling up the DagBag from /opt/airflow/dags/stock_potofolio_pipeline_{The_Experts}.py
[2025-12-14T22:54:25.422+0000] {logging_mixin.py:188} INFO - [2025-12-14T22:54:25.419+0000] {dagbag.py:355} ERROR - Failed to import: /opt/airflow/dags/stock_potofolio_pipeline_{The_Experts}.py
Traceback (most recent call last):
  File "/home/airflow/.local/lib/python3.12/site-packages/airflow/models/dagbag.py", line 351, in parse
    loader.exec_module(new_module)
  File "<frozen importlib._bootstrap_external>", line 991, in exec_module
  File "<frozen importlib._bootstrap_external>", line 1129, in get_code
  File "<frozen importlib._bootstrap_external>", line 1059, in source_to_code
  File "<frozen importlib._bootstrap>", line 488, in _call_with_frames_removed
  File "/opt/airflow/dags/stock_potofolio_pipeline_{The_Experts}.py", line 33
    
    ^
IndentationError: expected an indented block after 'with' statement on line 24
[2025-12-14T22:54:25.425+0000] {processor.py:842} WARNING - No viable dags retrieved from /opt/airflow/dags/stock_potofolio_pipeline_{The_Experts}.py
[2025-12-14T22:54:25.503+0000] {processor.py:183} INFO - Processing /opt/airflow/dags/stock_potofolio_pipeline_{The_Experts}.py took 0.184 seconds
[2025-12-14T22:54:56.144+0000] {processor.py:161} INFO - Started process (PID=169) to work on /opt/airflow/dags/stock_potofolio_pipeline_{The_Experts}.py
[2025-12-14T22:54:56.147+0000] {processor.py:830} INFO - Processing file /opt/airflow/dags/stock_potofolio_pipeline_{The_Experts}.py for tasks to queue
[2025-12-14T22:54:56.152+0000] {logging_mixin.py:188} INFO - [2025-12-14T22:54:56.151+0000] {dagbag.py:545} INFO - Filling up the DagBag from /opt/airflow/dags/stock_potofolio_pipeline_{The_Experts}.py
[2025-12-14T22:54:56.186+0000] {logging_mixin.py:188} INFO - [2025-12-14T22:54:56.184+0000] {dagbag.py:355} ERROR - Failed to import: /opt/airflow/dags/stock_potofolio_pipeline_{The_Experts}.py
Traceback (most recent call last):
  File "/home/airflow/.local/lib/python3.12/site-packages/airflow/models/dagbag.py", line 351, in parse
    loader.exec_module(new_module)
  File "<frozen importlib._bootstrap_external>", line 991, in exec_module
  File "<frozen importlib._bootstrap_external>", line 1129, in get_code
  File "<frozen importlib._bootstrap_external>", line 1059, in source_to_code
  File "<frozen importlib._bootstrap>", line 488, in _call_with_frames_removed
  File "/opt/airflow/dags/stock_potofolio_pipeline_{The_Experts}.py", line 33
    
    ^
IndentationError: expected an indented block after 'with' statement on line 24
[2025-12-14T22:54:56.193+0000] {processor.py:842} WARNING - No viable dags retrieved from /opt/airflow/dags/stock_potofolio_pipeline_{The_Experts}.py
[2025-12-14T22:54:56.255+0000] {processor.py:183} INFO - Processing /opt/airflow/dags/stock_potofolio_pipeline_{The_Experts}.py took 0.147 seconds
[2025-12-14T22:55:26.816+0000] {processor.py:161} INFO - Started process (PID=174) to work on /opt/airflow/dags/stock_potofolio_pipeline_{The_Experts}.py
[2025-12-14T22:55:26.819+0000] {processor.py:830} INFO - Processing file /opt/airflow/dags/stock_potofolio_pipeline_{The_Experts}.py for tasks to queue
[2025-12-14T22:55:26.821+0000] {logging_mixin.py:188} INFO - [2025-12-14T22:55:26.821+0000] {dagbag.py:545} INFO - Filling up the DagBag from /opt/airflow/dags/stock_potofolio_pipeline_{The_Experts}.py
[2025-12-14T22:55:26.840+0000] {logging_mixin.py:188} INFO - [2025-12-14T22:55:26.838+0000] {dagbag.py:355} ERROR - Failed to import: /opt/airflow/dags/stock_potofolio_pipeline_{The_Experts}.py
Traceback (most recent call last):
  File "/home/airflow/.local/lib/python3.12/site-packages/airflow/models/dagbag.py", line 351, in parse
    loader.exec_module(new_module)
  File "<frozen importlib._bootstrap_external>", line 991, in exec_module
  File "<frozen importlib._bootstrap_external>", line 1129, in get_code
  File "<frozen importlib._bootstrap_external>", line 1059, in source_to_code
  File "<frozen importlib._bootstrap>", line 488, in _call_with_frames_removed
  File "/opt/airflow/dags/stock_potofolio_pipeline_{The_Experts}.py", line 33
    
    ^
IndentationError: expected an indented block after 'with' statement on line 24
[2025-12-14T22:55:26.841+0000] {processor.py:842} WARNING - No viable dags retrieved from /opt/airflow/dags/stock_potofolio_pipeline_{The_Experts}.py
[2025-12-14T22:55:26.878+0000] {processor.py:183} INFO - Processing /opt/airflow/dags/stock_potofolio_pipeline_{The_Experts}.py took 0.072 seconds
[2025-12-14T22:55:57.269+0000] {processor.py:161} INFO - Started process (PID=179) to work on /opt/airflow/dags/stock_potofolio_pipeline_{The_Experts}.py
[2025-12-14T22:55:57.271+0000] {processor.py:830} INFO - Processing file /opt/airflow/dags/stock_potofolio_pipeline_{The_Experts}.py for tasks to queue
[2025-12-14T22:55:57.274+0000] {logging_mixin.py:188} INFO - [2025-12-14T22:55:57.273+0000] {dagbag.py:545} INFO - Filling up the DagBag from /opt/airflow/dags/stock_potofolio_pipeline_{The_Experts}.py
[2025-12-14T22:55:57.294+0000] {logging_mixin.py:188} INFO - [2025-12-14T22:55:57.292+0000] {dagbag.py:355} ERROR - Failed to import: /opt/airflow/dags/stock_potofolio_pipeline_{The_Experts}.py
Traceback (most recent call last):
  File "/home/airflow/.local/lib/python3.12/site-packages/airflow/models/dagbag.py", line 351, in parse
    loader.exec_module(new_module)
  File "<frozen importlib._bootstrap_external>", line 991, in exec_module
  File "<frozen importlib._bootstrap_external>", line 1129, in get_code
  File "<frozen importlib._bootstrap_external>", line 1059, in source_to_code
  File "<frozen importlib._bootstrap>", line 488, in _call_with_frames_removed
  File "/opt/airflow/dags/stock_potofolio_pipeline_{The_Experts}.py", line 33
    
    ^
IndentationError: expected an indented block after 'with' statement on line 24
[2025-12-14T22:55:57.295+0000] {processor.py:842} WARNING - No viable dags retrieved from /opt/airflow/dags/stock_potofolio_pipeline_{The_Experts}.py
[2025-12-14T22:55:57.328+0000] {processor.py:183} INFO - Processing /opt/airflow/dags/stock_potofolio_pipeline_{The_Experts}.py took 0.067 seconds
[2025-12-14T22:56:27.751+0000] {processor.py:161} INFO - Started process (PID=184) to work on /opt/airflow/dags/stock_potofolio_pipeline_{The_Experts}.py
[2025-12-14T22:56:27.754+0000] {processor.py:830} INFO - Processing file /opt/airflow/dags/stock_potofolio_pipeline_{The_Experts}.py for tasks to queue
[2025-12-14T22:56:27.757+0000] {logging_mixin.py:188} INFO - [2025-12-14T22:56:27.757+0000] {dagbag.py:545} INFO - Filling up the DagBag from /opt/airflow/dags/stock_potofolio_pipeline_{The_Experts}.py
[2025-12-14T22:56:27.778+0000] {logging_mixin.py:188} INFO - [2025-12-14T22:56:27.777+0000] {dagbag.py:355} ERROR - Failed to import: /opt/airflow/dags/stock_potofolio_pipeline_{The_Experts}.py
Traceback (most recent call last):
  File "/home/airflow/.local/lib/python3.12/site-packages/airflow/models/dagbag.py", line 351, in parse
    loader.exec_module(new_module)
  File "<frozen importlib._bootstrap_external>", line 991, in exec_module
  File "<frozen importlib._bootstrap_external>", line 1129, in get_code
  File "<frozen importlib._bootstrap_external>", line 1059, in source_to_code
  File "<frozen importlib._bootstrap>", line 488, in _call_with_frames_removed
  File "/opt/airflow/dags/stock_potofolio_pipeline_{The_Experts}.py", line 33
    
    ^
IndentationError: expected an indented block after 'with' statement on line 24
[2025-12-14T22:56:27.779+0000] {processor.py:842} WARNING - No viable dags retrieved from /opt/airflow/dags/stock_potofolio_pipeline_{The_Experts}.py
[2025-12-14T22:56:27.813+0000] {processor.py:183} INFO - Processing /opt/airflow/dags/stock_potofolio_pipeline_{The_Experts}.py took 0.071 seconds
[2025-12-14T22:56:58.192+0000] {processor.py:161} INFO - Started process (PID=189) to work on /opt/airflow/dags/stock_potofolio_pipeline_{The_Experts}.py
[2025-12-14T22:56:58.195+0000] {processor.py:830} INFO - Processing file /opt/airflow/dags/stock_potofolio_pipeline_{The_Experts}.py for tasks to queue
[2025-12-14T22:56:58.200+0000] {logging_mixin.py:188} INFO - [2025-12-14T22:56:58.199+0000] {dagbag.py:545} INFO - Filling up the DagBag from /opt/airflow/dags/stock_potofolio_pipeline_{The_Experts}.py
[2025-12-14T22:56:58.232+0000] {logging_mixin.py:188} INFO - [2025-12-14T22:56:58.229+0000] {dagbag.py:355} ERROR - Failed to import: /opt/airflow/dags/stock_potofolio_pipeline_{The_Experts}.py
Traceback (most recent call last):
  File "/home/airflow/.local/lib/python3.12/site-packages/airflow/models/dagbag.py", line 351, in parse
    loader.exec_module(new_module)
  File "<frozen importlib._bootstrap_external>", line 991, in exec_module
  File "<frozen importlib._bootstrap_external>", line 1129, in get_code
  File "<frozen importlib._bootstrap_external>", line 1059, in source_to_code
  File "<frozen importlib._bootstrap>", line 488, in _call_with_frames_removed
  File "/opt/airflow/dags/stock_potofolio_pipeline_{The_Experts}.py", line 33
    
    ^
IndentationError: expected an indented block after 'with' statement on line 24
[2025-12-14T22:56:58.234+0000] {processor.py:842} WARNING - No viable dags retrieved from /opt/airflow/dags/stock_potofolio_pipeline_{The_Experts}.py
[2025-12-14T22:56:58.288+0000] {processor.py:183} INFO - Processing /opt/airflow/dags/stock_potofolio_pipeline_{The_Experts}.py took 0.118 seconds
[2025-12-14T22:57:28.596+0000] {processor.py:161} INFO - Started process (PID=194) to work on /opt/airflow/dags/stock_potofolio_pipeline_{The_Experts}.py
[2025-12-14T22:57:28.597+0000] {processor.py:830} INFO - Processing file /opt/airflow/dags/stock_potofolio_pipeline_{The_Experts}.py for tasks to queue
[2025-12-14T22:57:28.600+0000] {logging_mixin.py:188} INFO - [2025-12-14T22:57:28.600+0000] {dagbag.py:545} INFO - Filling up the DagBag from /opt/airflow/dags/stock_potofolio_pipeline_{The_Experts}.py
[2025-12-14T22:57:28.620+0000] {logging_mixin.py:188} INFO - [2025-12-14T22:57:28.619+0000] {dagbag.py:355} ERROR - Failed to import: /opt/airflow/dags/stock_potofolio_pipeline_{The_Experts}.py
Traceback (most recent call last):
  File "/home/airflow/.local/lib/python3.12/site-packages/airflow/models/dagbag.py", line 351, in parse
    loader.exec_module(new_module)
  File "<frozen importlib._bootstrap_external>", line 991, in exec_module
  File "<frozen importlib._bootstrap_external>", line 1129, in get_code
  File "<frozen importlib._bootstrap_external>", line 1059, in source_to_code
  File "<frozen importlib._bootstrap>", line 488, in _call_with_frames_removed
  File "/opt/airflow/dags/stock_potofolio_pipeline_{The_Experts}.py", line 33
    
    ^
IndentationError: expected an indented block after 'with' statement on line 24
[2025-12-14T22:57:28.621+0000] {processor.py:842} WARNING - No viable dags retrieved from /opt/airflow/dags/stock_potofolio_pipeline_{The_Experts}.py
[2025-12-14T22:57:28.659+0000] {processor.py:183} INFO - Processing /opt/airflow/dags/stock_potofolio_pipeline_{The_Experts}.py took 0.072 seconds
[2025-12-14T22:57:59.172+0000] {processor.py:161} INFO - Started process (PID=199) to work on /opt/airflow/dags/stock_potofolio_pipeline_{The_Experts}.py
[2025-12-14T22:57:59.175+0000] {processor.py:830} INFO - Processing file /opt/airflow/dags/stock_potofolio_pipeline_{The_Experts}.py for tasks to queue
[2025-12-14T22:57:59.180+0000] {logging_mixin.py:188} INFO - [2025-12-14T22:57:59.179+0000] {dagbag.py:545} INFO - Filling up the DagBag from /opt/airflow/dags/stock_potofolio_pipeline_{The_Experts}.py
[2025-12-14T22:57:59.210+0000] {logging_mixin.py:188} INFO - [2025-12-14T22:57:59.208+0000] {dagbag.py:355} ERROR - Failed to import: /opt/airflow/dags/stock_potofolio_pipeline_{The_Experts}.py
Traceback (most recent call last):
  File "/home/airflow/.local/lib/python3.12/site-packages/airflow/models/dagbag.py", line 351, in parse
    loader.exec_module(new_module)
  File "<frozen importlib._bootstrap_external>", line 991, in exec_module
  File "<frozen importlib._bootstrap_external>", line 1129, in get_code
  File "<frozen importlib._bootstrap_external>", line 1059, in source_to_code
  File "<frozen importlib._bootstrap>", line 488, in _call_with_frames_removed
  File "/opt/airflow/dags/stock_potofolio_pipeline_{The_Experts}.py", line 33
    
    ^
IndentationError: expected an indented block after 'with' statement on line 24
[2025-12-14T22:57:59.212+0000] {processor.py:842} WARNING - No viable dags retrieved from /opt/airflow/dags/stock_potofolio_pipeline_{The_Experts}.py
[2025-12-14T22:57:59.265+0000] {processor.py:183} INFO - Processing /opt/airflow/dags/stock_potofolio_pipeline_{The_Experts}.py took 0.109 seconds
[2025-12-14T22:58:29.651+0000] {processor.py:161} INFO - Started process (PID=204) to work on /opt/airflow/dags/stock_potofolio_pipeline_{The_Experts}.py
[2025-12-14T22:58:29.653+0000] {processor.py:830} INFO - Processing file /opt/airflow/dags/stock_potofolio_pipeline_{The_Experts}.py for tasks to queue
[2025-12-14T22:58:29.656+0000] {logging_mixin.py:188} INFO - [2025-12-14T22:58:29.656+0000] {dagbag.py:545} INFO - Filling up the DagBag from /opt/airflow/dags/stock_potofolio_pipeline_{The_Experts}.py
[2025-12-14T22:58:29.684+0000] {logging_mixin.py:188} INFO - [2025-12-14T22:58:29.683+0000] {dagbag.py:355} ERROR - Failed to import: /opt/airflow/dags/stock_potofolio_pipeline_{The_Experts}.py
Traceback (most recent call last):
  File "/home/airflow/.local/lib/python3.12/site-packages/airflow/models/dagbag.py", line 351, in parse
    loader.exec_module(new_module)
  File "<frozen importlib._bootstrap_external>", line 991, in exec_module
  File "<frozen importlib._bootstrap_external>", line 1129, in get_code
  File "<frozen importlib._bootstrap_external>", line 1059, in source_to_code
  File "<frozen importlib._bootstrap>", line 488, in _call_with_frames_removed
  File "/opt/airflow/dags/stock_potofolio_pipeline_{The_Experts}.py", line 33
    
    ^
IndentationError: expected an indented block after 'with' statement on line 24
[2025-12-14T22:58:29.686+0000] {processor.py:842} WARNING - No viable dags retrieved from /opt/airflow/dags/stock_potofolio_pipeline_{The_Experts}.py
[2025-12-14T22:58:29.718+0000] {processor.py:183} INFO - Processing /opt/airflow/dags/stock_potofolio_pipeline_{The_Experts}.py took 0.078 seconds
[2025-12-14T22:59:00.260+0000] {processor.py:161} INFO - Started process (PID=209) to work on /opt/airflow/dags/stock_potofolio_pipeline_{The_Experts}.py
[2025-12-14T22:59:00.262+0000] {processor.py:830} INFO - Processing file /opt/airflow/dags/stock_potofolio_pipeline_{The_Experts}.py for tasks to queue
[2025-12-14T22:59:00.265+0000] {logging_mixin.py:188} INFO - [2025-12-14T22:59:00.264+0000] {dagbag.py:545} INFO - Filling up the DagBag from /opt/airflow/dags/stock_potofolio_pipeline_{The_Experts}.py
[2025-12-14T22:59:00.284+0000] {logging_mixin.py:188} INFO - [2025-12-14T22:59:00.283+0000] {dagbag.py:355} ERROR - Failed to import: /opt/airflow/dags/stock_potofolio_pipeline_{The_Experts}.py
Traceback (most recent call last):
  File "/home/airflow/.local/lib/python3.12/site-packages/airflow/models/dagbag.py", line 351, in parse
    loader.exec_module(new_module)
  File "<frozen importlib._bootstrap_external>", line 991, in exec_module
  File "<frozen importlib._bootstrap_external>", line 1129, in get_code
  File "<frozen importlib._bootstrap_external>", line 1059, in source_to_code
  File "<frozen importlib._bootstrap>", line 488, in _call_with_frames_removed
  File "/opt/airflow/dags/stock_potofolio_pipeline_{The_Experts}.py", line 33
    
    ^
IndentationError: expected an indented block after 'with' statement on line 24
[2025-12-14T22:59:00.286+0000] {processor.py:842} WARNING - No viable dags retrieved from /opt/airflow/dags/stock_potofolio_pipeline_{The_Experts}.py
[2025-12-14T22:59:00.319+0000] {processor.py:183} INFO - Processing /opt/airflow/dags/stock_potofolio_pipeline_{The_Experts}.py took 0.067 seconds
[2025-12-14T22:59:30.675+0000] {processor.py:161} INFO - Started process (PID=214) to work on /opt/airflow/dags/stock_potofolio_pipeline_{The_Experts}.py
[2025-12-14T22:59:30.677+0000] {processor.py:830} INFO - Processing file /opt/airflow/dags/stock_potofolio_pipeline_{The_Experts}.py for tasks to queue
[2025-12-14T22:59:30.680+0000] {logging_mixin.py:188} INFO - [2025-12-14T22:59:30.680+0000] {dagbag.py:545} INFO - Filling up the DagBag from /opt/airflow/dags/stock_potofolio_pipeline_{The_Experts}.py
[2025-12-14T22:59:30.698+0000] {logging_mixin.py:188} INFO - [2025-12-14T22:59:30.697+0000] {dagbag.py:355} ERROR - Failed to import: /opt/airflow/dags/stock_potofolio_pipeline_{The_Experts}.py
Traceback (most recent call last):
  File "/home/airflow/.local/lib/python3.12/site-packages/airflow/models/dagbag.py", line 351, in parse
    loader.exec_module(new_module)
  File "<frozen importlib._bootstrap_external>", line 991, in exec_module
  File "<frozen importlib._bootstrap_external>", line 1129, in get_code
  File "<frozen importlib._bootstrap_external>", line 1059, in source_to_code
  File "<frozen importlib._bootstrap>", line 488, in _call_with_frames_removed
  File "/opt/airflow/dags/stock_potofolio_pipeline_{The_Experts}.py", line 33
    
    ^
IndentationError: expected an indented block after 'with' statement on line 24
[2025-12-14T22:59:30.700+0000] {processor.py:842} WARNING - No viable dags retrieved from /opt/airflow/dags/stock_potofolio_pipeline_{The_Experts}.py
[2025-12-14T22:59:30.735+0000] {processor.py:183} INFO - Processing /opt/airflow/dags/stock_potofolio_pipeline_{The_Experts}.py took 0.071 seconds
[2025-12-14T23:00:01.224+0000] {processor.py:161} INFO - Started process (PID=219) to work on /opt/airflow/dags/stock_potofolio_pipeline_{The_Experts}.py
[2025-12-14T23:00:01.225+0000] {processor.py:830} INFO - Processing file /opt/airflow/dags/stock_potofolio_pipeline_{The_Experts}.py for tasks to queue
[2025-12-14T23:00:01.228+0000] {logging_mixin.py:188} INFO - [2025-12-14T23:00:01.228+0000] {dagbag.py:545} INFO - Filling up the DagBag from /opt/airflow/dags/stock_potofolio_pipeline_{The_Experts}.py
[2025-12-14T23:00:01.248+0000] {logging_mixin.py:188} INFO - [2025-12-14T23:00:01.247+0000] {dagbag.py:355} ERROR - Failed to import: /opt/airflow/dags/stock_potofolio_pipeline_{The_Experts}.py
Traceback (most recent call last):
  File "/home/airflow/.local/lib/python3.12/site-packages/airflow/models/dagbag.py", line 351, in parse
    loader.exec_module(new_module)
  File "<frozen importlib._bootstrap_external>", line 991, in exec_module
  File "<frozen importlib._bootstrap_external>", line 1129, in get_code
  File "<frozen importlib._bootstrap_external>", line 1059, in source_to_code
  File "<frozen importlib._bootstrap>", line 488, in _call_with_frames_removed
  File "/opt/airflow/dags/stock_potofolio_pipeline_{The_Experts}.py", line 33
    
    ^
IndentationError: expected an indented block after 'with' statement on line 24
[2025-12-14T23:00:01.249+0000] {processor.py:842} WARNING - No viable dags retrieved from /opt/airflow/dags/stock_potofolio_pipeline_{The_Experts}.py
[2025-12-14T23:00:01.283+0000] {processor.py:183} INFO - Processing /opt/airflow/dags/stock_potofolio_pipeline_{The_Experts}.py took 0.067 seconds
[2025-12-14T23:00:31.673+0000] {processor.py:161} INFO - Started process (PID=224) to work on /opt/airflow/dags/stock_potofolio_pipeline_{The_Experts}.py
[2025-12-14T23:00:31.674+0000] {processor.py:830} INFO - Processing file /opt/airflow/dags/stock_potofolio_pipeline_{The_Experts}.py for tasks to queue
[2025-12-14T23:00:31.679+0000] {logging_mixin.py:188} INFO - [2025-12-14T23:00:31.678+0000] {dagbag.py:545} INFO - Filling up the DagBag from /opt/airflow/dags/stock_potofolio_pipeline_{The_Experts}.py
[2025-12-14T23:00:31.701+0000] {logging_mixin.py:188} INFO - [2025-12-14T23:00:31.699+0000] {dagbag.py:355} ERROR - Failed to import: /opt/airflow/dags/stock_potofolio_pipeline_{The_Experts}.py
Traceback (most recent call last):
  File "/home/airflow/.local/lib/python3.12/site-packages/airflow/models/dagbag.py", line 351, in parse
    loader.exec_module(new_module)
  File "<frozen importlib._bootstrap_external>", line 991, in exec_module
  File "<frozen importlib._bootstrap_external>", line 1129, in get_code
  File "<frozen importlib._bootstrap_external>", line 1059, in source_to_code
  File "<frozen importlib._bootstrap>", line 488, in _call_with_frames_removed
  File "/opt/airflow/dags/stock_potofolio_pipeline_{The_Experts}.py", line 33
    
    ^
IndentationError: expected an indented block after 'with' statement on line 24
[2025-12-14T23:00:31.702+0000] {processor.py:842} WARNING - No viable dags retrieved from /opt/airflow/dags/stock_potofolio_pipeline_{The_Experts}.py
[2025-12-14T23:00:31.751+0000] {processor.py:183} INFO - Processing /opt/airflow/dags/stock_potofolio_pipeline_{The_Experts}.py took 0.090 seconds
[2025-12-14T23:01:02.069+0000] {processor.py:161} INFO - Started process (PID=229) to work on /opt/airflow/dags/stock_potofolio_pipeline_{The_Experts}.py
[2025-12-14T23:01:02.070+0000] {processor.py:830} INFO - Processing file /opt/airflow/dags/stock_potofolio_pipeline_{The_Experts}.py for tasks to queue
[2025-12-14T23:01:02.074+0000] {logging_mixin.py:188} INFO - [2025-12-14T23:01:02.073+0000] {dagbag.py:545} INFO - Filling up the DagBag from /opt/airflow/dags/stock_potofolio_pipeline_{The_Experts}.py
[2025-12-14T23:01:02.102+0000] {logging_mixin.py:188} INFO - [2025-12-14T23:01:02.099+0000] {dagbag.py:355} ERROR - Failed to import: /opt/airflow/dags/stock_potofolio_pipeline_{The_Experts}.py
Traceback (most recent call last):
  File "/home/airflow/.local/lib/python3.12/site-packages/airflow/models/dagbag.py", line 351, in parse
    loader.exec_module(new_module)
  File "<frozen importlib._bootstrap_external>", line 991, in exec_module
  File "<frozen importlib._bootstrap_external>", line 1129, in get_code
  File "<frozen importlib._bootstrap_external>", line 1059, in source_to_code
  File "<frozen importlib._bootstrap>", line 488, in _call_with_frames_removed
  File "/opt/airflow/dags/stock_potofolio_pipeline_{The_Experts}.py", line 33
    
    ^
IndentationError: expected an indented block after 'with' statement on line 24
[2025-12-14T23:01:02.103+0000] {processor.py:842} WARNING - No viable dags retrieved from /opt/airflow/dags/stock_potofolio_pipeline_{The_Experts}.py
[2025-12-14T23:01:02.173+0000] {processor.py:183} INFO - Processing /opt/airflow/dags/stock_potofolio_pipeline_{The_Experts}.py took 0.113 seconds
[2025-12-14T23:01:32.708+0000] {processor.py:161} INFO - Started process (PID=234) to work on /opt/airflow/dags/stock_potofolio_pipeline_{The_Experts}.py
[2025-12-14T23:01:32.710+0000] {processor.py:830} INFO - Processing file /opt/airflow/dags/stock_potofolio_pipeline_{The_Experts}.py for tasks to queue
[2025-12-14T23:01:32.713+0000] {logging_mixin.py:188} INFO - [2025-12-14T23:01:32.713+0000] {dagbag.py:545} INFO - Filling up the DagBag from /opt/airflow/dags/stock_potofolio_pipeline_{The_Experts}.py
[2025-12-14T23:01:32.735+0000] {logging_mixin.py:188} INFO - [2025-12-14T23:01:32.733+0000] {dagbag.py:355} ERROR - Failed to import: /opt/airflow/dags/stock_potofolio_pipeline_{The_Experts}.py
Traceback (most recent call last):
  File "/home/airflow/.local/lib/python3.12/site-packages/airflow/models/dagbag.py", line 351, in parse
    loader.exec_module(new_module)
  File "<frozen importlib._bootstrap_external>", line 991, in exec_module
  File "<frozen importlib._bootstrap_external>", line 1129, in get_code
  File "<frozen importlib._bootstrap_external>", line 1059, in source_to_code
  File "<frozen importlib._bootstrap>", line 488, in _call_with_frames_removed
  File "/opt/airflow/dags/stock_potofolio_pipeline_{The_Experts}.py", line 33
    
    ^
IndentationError: expected an indented block after 'with' statement on line 24
[2025-12-14T23:01:32.736+0000] {processor.py:842} WARNING - No viable dags retrieved from /opt/airflow/dags/stock_potofolio_pipeline_{The_Experts}.py
[2025-12-14T23:01:32.776+0000] {processor.py:183} INFO - Processing /opt/airflow/dags/stock_potofolio_pipeline_{The_Experts}.py took 0.079 seconds
[2025-12-14T23:02:03.190+0000] {processor.py:161} INFO - Started process (PID=239) to work on /opt/airflow/dags/stock_potofolio_pipeline_{The_Experts}.py
[2025-12-14T23:02:03.191+0000] {processor.py:830} INFO - Processing file /opt/airflow/dags/stock_potofolio_pipeline_{The_Experts}.py for tasks to queue
[2025-12-14T23:02:03.194+0000] {logging_mixin.py:188} INFO - [2025-12-14T23:02:03.194+0000] {dagbag.py:545} INFO - Filling up the DagBag from /opt/airflow/dags/stock_potofolio_pipeline_{The_Experts}.py
[2025-12-14T23:02:03.214+0000] {logging_mixin.py:188} INFO - [2025-12-14T23:02:03.212+0000] {dagbag.py:355} ERROR - Failed to import: /opt/airflow/dags/stock_potofolio_pipeline_{The_Experts}.py
Traceback (most recent call last):
  File "/home/airflow/.local/lib/python3.12/site-packages/airflow/models/dagbag.py", line 351, in parse
    loader.exec_module(new_module)
  File "<frozen importlib._bootstrap_external>", line 991, in exec_module
  File "<frozen importlib._bootstrap_external>", line 1129, in get_code
  File "<frozen importlib._bootstrap_external>", line 1059, in source_to_code
  File "<frozen importlib._bootstrap>", line 488, in _call_with_frames_removed
  File "/opt/airflow/dags/stock_potofolio_pipeline_{The_Experts}.py", line 33
    
    ^
IndentationError: expected an indented block after 'with' statement on line 24
[2025-12-14T23:02:03.215+0000] {processor.py:842} WARNING - No viable dags retrieved from /opt/airflow/dags/stock_potofolio_pipeline_{The_Experts}.py
[2025-12-14T23:02:03.249+0000] {processor.py:183} INFO - Processing /opt/airflow/dags/stock_potofolio_pipeline_{The_Experts}.py took 0.067 seconds
[2025-12-14T23:02:33.756+0000] {processor.py:161} INFO - Started process (PID=244) to work on /opt/airflow/dags/stock_potofolio_pipeline_{The_Experts}.py
[2025-12-14T23:02:33.758+0000] {processor.py:830} INFO - Processing file /opt/airflow/dags/stock_potofolio_pipeline_{The_Experts}.py for tasks to queue
[2025-12-14T23:02:33.761+0000] {logging_mixin.py:188} INFO - [2025-12-14T23:02:33.760+0000] {dagbag.py:545} INFO - Filling up the DagBag from /opt/airflow/dags/stock_potofolio_pipeline_{The_Experts}.py
[2025-12-14T23:02:33.779+0000] {logging_mixin.py:188} INFO - [2025-12-14T23:02:33.777+0000] {dagbag.py:355} ERROR - Failed to import: /opt/airflow/dags/stock_potofolio_pipeline_{The_Experts}.py
Traceback (most recent call last):
  File "/home/airflow/.local/lib/python3.12/site-packages/airflow/models/dagbag.py", line 351, in parse
    loader.exec_module(new_module)
  File "<frozen importlib._bootstrap_external>", line 991, in exec_module
  File "<frozen importlib._bootstrap_external>", line 1129, in get_code
  File "<frozen importlib._bootstrap_external>", line 1059, in source_to_code
  File "<frozen importlib._bootstrap>", line 488, in _call_with_frames_removed
  File "/opt/airflow/dags/stock_potofolio_pipeline_{The_Experts}.py", line 33
    
    ^
IndentationError: expected an indented block after 'with' statement on line 24
[2025-12-14T23:02:33.780+0000] {processor.py:842} WARNING - No viable dags retrieved from /opt/airflow/dags/stock_potofolio_pipeline_{The_Experts}.py
[2025-12-14T23:02:33.819+0000] {processor.py:183} INFO - Processing /opt/airflow/dags/stock_potofolio_pipeline_{The_Experts}.py took 0.071 seconds
[2025-12-14T23:03:04.267+0000] {processor.py:161} INFO - Started process (PID=249) to work on /opt/airflow/dags/stock_potofolio_pipeline_{The_Experts}.py
[2025-12-14T23:03:04.269+0000] {processor.py:830} INFO - Processing file /opt/airflow/dags/stock_potofolio_pipeline_{The_Experts}.py for tasks to queue
[2025-12-14T23:03:04.274+0000] {logging_mixin.py:188} INFO - [2025-12-14T23:03:04.273+0000] {dagbag.py:545} INFO - Filling up the DagBag from /opt/airflow/dags/stock_potofolio_pipeline_{The_Experts}.py
[2025-12-14T23:03:04.305+0000] {logging_mixin.py:188} INFO - [2025-12-14T23:03:04.302+0000] {dagbag.py:355} ERROR - Failed to import: /opt/airflow/dags/stock_potofolio_pipeline_{The_Experts}.py
Traceback (most recent call last):
  File "/home/airflow/.local/lib/python3.12/site-packages/airflow/models/dagbag.py", line 351, in parse
    loader.exec_module(new_module)
  File "<frozen importlib._bootstrap_external>", line 991, in exec_module
  File "<frozen importlib._bootstrap_external>", line 1129, in get_code
  File "<frozen importlib._bootstrap_external>", line 1059, in source_to_code
  File "<frozen importlib._bootstrap>", line 488, in _call_with_frames_removed
  File "/opt/airflow/dags/stock_potofolio_pipeline_{The_Experts}.py", line 33
    
    ^
IndentationError: expected an indented block after 'with' statement on line 24
[2025-12-14T23:03:04.306+0000] {processor.py:842} WARNING - No viable dags retrieved from /opt/airflow/dags/stock_potofolio_pipeline_{The_Experts}.py
[2025-12-14T23:03:04.370+0000] {processor.py:183} INFO - Processing /opt/airflow/dags/stock_potofolio_pipeline_{The_Experts}.py took 0.121 seconds
[2025-12-14T23:03:39.376+0000] {processor.py:161} INFO - Started process (PID=160) to work on /opt/airflow/dags/stock_potofolio_pipeline_{The_Experts}.py
[2025-12-14T23:03:39.378+0000] {processor.py:830} INFO - Processing file /opt/airflow/dags/stock_potofolio_pipeline_{The_Experts}.py for tasks to queue
[2025-12-14T23:03:39.383+0000] {logging_mixin.py:188} INFO - [2025-12-14T23:03:39.382+0000] {dagbag.py:545} INFO - Filling up the DagBag from /opt/airflow/dags/stock_potofolio_pipeline_{The_Experts}.py
[2025-12-14T23:03:39.454+0000] {logging_mixin.py:188} INFO - [2025-12-14T23:03:39.436+0000] {dagbag.py:355} ERROR - Failed to import: /opt/airflow/dags/stock_potofolio_pipeline_{The_Experts}.py
Traceback (most recent call last):
  File "/home/airflow/.local/lib/python3.12/site-packages/airflow/models/dagbag.py", line 351, in parse
    loader.exec_module(new_module)
  File "<frozen importlib._bootstrap_external>", line 991, in exec_module
  File "<frozen importlib._bootstrap_external>", line 1129, in get_code
  File "<frozen importlib._bootstrap_external>", line 1059, in source_to_code
  File "<frozen importlib._bootstrap>", line 488, in _call_with_frames_removed
  File "/opt/airflow/dags/stock_potofolio_pipeline_{The_Experts}.py", line 33
    
    ^
IndentationError: expected an indented block after 'with' statement on line 24
[2025-12-14T23:03:39.456+0000] {processor.py:842} WARNING - No viable dags retrieved from /opt/airflow/dags/stock_potofolio_pipeline_{The_Experts}.py
[2025-12-14T23:03:39.551+0000] {processor.py:183} INFO - Processing /opt/airflow/dags/stock_potofolio_pipeline_{The_Experts}.py took 0.200 seconds
[2025-12-14T23:04:10.011+0000] {processor.py:161} INFO - Started process (PID=165) to work on /opt/airflow/dags/stock_potofolio_pipeline_{The_Experts}.py
[2025-12-14T23:04:10.012+0000] {processor.py:830} INFO - Processing file /opt/airflow/dags/stock_potofolio_pipeline_{The_Experts}.py for tasks to queue
[2025-12-14T23:04:10.017+0000] {logging_mixin.py:188} INFO - [2025-12-14T23:04:10.016+0000] {dagbag.py:545} INFO - Filling up the DagBag from /opt/airflow/dags/stock_potofolio_pipeline_{The_Experts}.py
[2025-12-14T23:04:10.041+0000] {logging_mixin.py:188} INFO - [2025-12-14T23:04:10.039+0000] {dagbag.py:355} ERROR - Failed to import: /opt/airflow/dags/stock_potofolio_pipeline_{The_Experts}.py
Traceback (most recent call last):
  File "/home/airflow/.local/lib/python3.12/site-packages/airflow/models/dagbag.py", line 351, in parse
    loader.exec_module(new_module)
  File "<frozen importlib._bootstrap_external>", line 991, in exec_module
  File "<frozen importlib._bootstrap_external>", line 1129, in get_code
  File "<frozen importlib._bootstrap_external>", line 1059, in source_to_code
  File "<frozen importlib._bootstrap>", line 488, in _call_with_frames_removed
  File "/opt/airflow/dags/stock_potofolio_pipeline_{The_Experts}.py", line 33
    
    ^
IndentationError: expected an indented block after 'with' statement on line 24
[2025-12-14T23:04:10.042+0000] {processor.py:842} WARNING - No viable dags retrieved from /opt/airflow/dags/stock_potofolio_pipeline_{The_Experts}.py
[2025-12-14T23:04:10.079+0000] {processor.py:183} INFO - Processing /opt/airflow/dags/stock_potofolio_pipeline_{The_Experts}.py took 0.078 seconds
[2025-12-14T23:04:40.743+0000] {processor.py:161} INFO - Started process (PID=170) to work on /opt/airflow/dags/stock_potofolio_pipeline_{The_Experts}.py
[2025-12-14T23:04:40.745+0000] {processor.py:830} INFO - Processing file /opt/airflow/dags/stock_potofolio_pipeline_{The_Experts}.py for tasks to queue
[2025-12-14T23:04:40.747+0000] {logging_mixin.py:188} INFO - [2025-12-14T23:04:40.747+0000] {dagbag.py:545} INFO - Filling up the DagBag from /opt/airflow/dags/stock_potofolio_pipeline_{The_Experts}.py
[2025-12-14T23:04:40.768+0000] {logging_mixin.py:188} INFO - [2025-12-14T23:04:40.766+0000] {dagbag.py:355} ERROR - Failed to import: /opt/airflow/dags/stock_potofolio_pipeline_{The_Experts}.py
Traceback (most recent call last):
  File "/home/airflow/.local/lib/python3.12/site-packages/airflow/models/dagbag.py", line 351, in parse
    loader.exec_module(new_module)
  File "<frozen importlib._bootstrap_external>", line 991, in exec_module
  File "<frozen importlib._bootstrap_external>", line 1129, in get_code
  File "<frozen importlib._bootstrap_external>", line 1059, in source_to_code
  File "<frozen importlib._bootstrap>", line 488, in _call_with_frames_removed
  File "/opt/airflow/dags/stock_potofolio_pipeline_{The_Experts}.py", line 33
    
    ^
IndentationError: expected an indented block after 'with' statement on line 24
[2025-12-14T23:04:40.769+0000] {processor.py:842} WARNING - No viable dags retrieved from /opt/airflow/dags/stock_potofolio_pipeline_{The_Experts}.py
[2025-12-14T23:04:40.802+0000] {processor.py:183} INFO - Processing /opt/airflow/dags/stock_potofolio_pipeline_{The_Experts}.py took 0.066 seconds
[2025-12-14T23:05:11.200+0000] {processor.py:161} INFO - Started process (PID=175) to work on /opt/airflow/dags/stock_potofolio_pipeline_{The_Experts}.py
[2025-12-14T23:05:11.201+0000] {processor.py:830} INFO - Processing file /opt/airflow/dags/stock_potofolio_pipeline_{The_Experts}.py for tasks to queue
[2025-12-14T23:05:11.204+0000] {logging_mixin.py:188} INFO - [2025-12-14T23:05:11.203+0000] {dagbag.py:545} INFO - Filling up the DagBag from /opt/airflow/dags/stock_potofolio_pipeline_{The_Experts}.py
[2025-12-14T23:05:11.225+0000] {logging_mixin.py:188} INFO - [2025-12-14T23:05:11.224+0000] {dagbag.py:355} ERROR - Failed to import: /opt/airflow/dags/stock_potofolio_pipeline_{The_Experts}.py
Traceback (most recent call last):
  File "/home/airflow/.local/lib/python3.12/site-packages/airflow/models/dagbag.py", line 351, in parse
    loader.exec_module(new_module)
  File "<frozen importlib._bootstrap_external>", line 991, in exec_module
  File "<frozen importlib._bootstrap_external>", line 1129, in get_code
  File "<frozen importlib._bootstrap_external>", line 1059, in source_to_code
  File "<frozen importlib._bootstrap>", line 488, in _call_with_frames_removed
  File "/opt/airflow/dags/stock_potofolio_pipeline_{The_Experts}.py", line 33
    
    ^
IndentationError: expected an indented block after 'with' statement on line 24
[2025-12-14T23:05:11.228+0000] {processor.py:842} WARNING - No viable dags retrieved from /opt/airflow/dags/stock_potofolio_pipeline_{The_Experts}.py
[2025-12-14T23:05:11.281+0000] {processor.py:183} INFO - Processing /opt/airflow/dags/stock_potofolio_pipeline_{The_Experts}.py took 0.095 seconds
[2025-12-14T23:05:41.622+0000] {processor.py:161} INFO - Started process (PID=180) to work on /opt/airflow/dags/stock_potofolio_pipeline_{The_Experts}.py
[2025-12-14T23:05:41.624+0000] {processor.py:830} INFO - Processing file /opt/airflow/dags/stock_potofolio_pipeline_{The_Experts}.py for tasks to queue
[2025-12-14T23:05:41.627+0000] {logging_mixin.py:188} INFO - [2025-12-14T23:05:41.627+0000] {dagbag.py:545} INFO - Filling up the DagBag from /opt/airflow/dags/stock_potofolio_pipeline_{The_Experts}.py
[2025-12-14T23:05:41.658+0000] {logging_mixin.py:188} INFO - [2025-12-14T23:05:41.655+0000] {dagbag.py:355} ERROR - Failed to import: /opt/airflow/dags/stock_potofolio_pipeline_{The_Experts}.py
Traceback (most recent call last):
  File "/home/airflow/.local/lib/python3.12/site-packages/airflow/models/dagbag.py", line 351, in parse
    loader.exec_module(new_module)
  File "<frozen importlib._bootstrap_external>", line 991, in exec_module
  File "<frozen importlib._bootstrap_external>", line 1129, in get_code
  File "<frozen importlib._bootstrap_external>", line 1059, in source_to_code
  File "<frozen importlib._bootstrap>", line 488, in _call_with_frames_removed
  File "/opt/airflow/dags/stock_potofolio_pipeline_{The_Experts}.py", line 33
    
    ^
IndentationError: expected an indented block after 'with' statement on line 24
[2025-12-14T23:05:41.665+0000] {processor.py:842} WARNING - No viable dags retrieved from /opt/airflow/dags/stock_potofolio_pipeline_{The_Experts}.py
[2025-12-14T23:05:41.733+0000] {processor.py:183} INFO - Processing /opt/airflow/dags/stock_potofolio_pipeline_{The_Experts}.py took 0.129 seconds
[2025-12-14T23:06:11.964+0000] {processor.py:161} INFO - Started process (PID=185) to work on /opt/airflow/dags/stock_potofolio_pipeline_{The_Experts}.py
[2025-12-14T23:06:11.968+0000] {processor.py:830} INFO - Processing file /opt/airflow/dags/stock_potofolio_pipeline_{The_Experts}.py for tasks to queue
[2025-12-14T23:06:11.979+0000] {logging_mixin.py:188} INFO - [2025-12-14T23:06:11.978+0000] {dagbag.py:545} INFO - Filling up the DagBag from /opt/airflow/dags/stock_potofolio_pipeline_{The_Experts}.py
[2025-12-14T23:06:12.014+0000] {logging_mixin.py:188} INFO - [2025-12-14T23:06:12.012+0000] {dagbag.py:355} ERROR - Failed to import: /opt/airflow/dags/stock_potofolio_pipeline_{The_Experts}.py
Traceback (most recent call last):
  File "/home/airflow/.local/lib/python3.12/site-packages/airflow/models/dagbag.py", line 351, in parse
    loader.exec_module(new_module)
  File "<frozen importlib._bootstrap_external>", line 991, in exec_module
  File "<frozen importlib._bootstrap_external>", line 1129, in get_code
  File "<frozen importlib._bootstrap_external>", line 1059, in source_to_code
  File "<frozen importlib._bootstrap>", line 488, in _call_with_frames_removed
  File "/opt/airflow/dags/stock_potofolio_pipeline_{The_Experts}.py", line 33
    
    ^
IndentationError: expected an indented block after 'with' statement on line 24
[2025-12-14T23:06:12.016+0000] {processor.py:842} WARNING - No viable dags retrieved from /opt/airflow/dags/stock_potofolio_pipeline_{The_Experts}.py
[2025-12-14T23:06:12.065+0000] {processor.py:183} INFO - Processing /opt/airflow/dags/stock_potofolio_pipeline_{The_Experts}.py took 0.126 seconds
[2025-12-14T23:06:42.800+0000] {processor.py:161} INFO - Started process (PID=190) to work on /opt/airflow/dags/stock_potofolio_pipeline_{The_Experts}.py
[2025-12-14T23:06:42.805+0000] {processor.py:830} INFO - Processing file /opt/airflow/dags/stock_potofolio_pipeline_{The_Experts}.py for tasks to queue
[2025-12-14T23:06:42.812+0000] {logging_mixin.py:188} INFO - [2025-12-14T23:06:42.811+0000] {dagbag.py:545} INFO - Filling up the DagBag from /opt/airflow/dags/stock_potofolio_pipeline_{The_Experts}.py
[2025-12-14T23:06:42.851+0000] {logging_mixin.py:188} INFO - [2025-12-14T23:06:42.847+0000] {dagbag.py:355} ERROR - Failed to import: /opt/airflow/dags/stock_potofolio_pipeline_{The_Experts}.py
Traceback (most recent call last):
  File "/home/airflow/.local/lib/python3.12/site-packages/airflow/models/dagbag.py", line 351, in parse
    loader.exec_module(new_module)
  File "<frozen importlib._bootstrap_external>", line 991, in exec_module
  File "<frozen importlib._bootstrap_external>", line 1129, in get_code
  File "<frozen importlib._bootstrap_external>", line 1059, in source_to_code
  File "<frozen importlib._bootstrap>", line 488, in _call_with_frames_removed
  File "/opt/airflow/dags/stock_potofolio_pipeline_{The_Experts}.py", line 33
    
    ^
IndentationError: expected an indented block after 'with' statement on line 24
[2025-12-14T23:06:42.853+0000] {processor.py:842} WARNING - No viable dags retrieved from /opt/airflow/dags/stock_potofolio_pipeline_{The_Experts}.py
[2025-12-14T23:06:42.941+0000] {processor.py:183} INFO - Processing /opt/airflow/dags/stock_potofolio_pipeline_{The_Experts}.py took 0.163 seconds
[2025-12-14T23:07:13.532+0000] {processor.py:161} INFO - Started process (PID=195) to work on /opt/airflow/dags/stock_potofolio_pipeline_{The_Experts}.py
[2025-12-14T23:07:13.533+0000] {processor.py:830} INFO - Processing file /opt/airflow/dags/stock_potofolio_pipeline_{The_Experts}.py for tasks to queue
[2025-12-14T23:07:13.537+0000] {logging_mixin.py:188} INFO - [2025-12-14T23:07:13.537+0000] {dagbag.py:545} INFO - Filling up the DagBag from /opt/airflow/dags/stock_potofolio_pipeline_{The_Experts}.py
[2025-12-14T23:07:13.557+0000] {logging_mixin.py:188} INFO - [2025-12-14T23:07:13.556+0000] {dagbag.py:355} ERROR - Failed to import: /opt/airflow/dags/stock_potofolio_pipeline_{The_Experts}.py
Traceback (most recent call last):
  File "/home/airflow/.local/lib/python3.12/site-packages/airflow/models/dagbag.py", line 351, in parse
    loader.exec_module(new_module)
  File "<frozen importlib._bootstrap_external>", line 991, in exec_module
  File "<frozen importlib._bootstrap_external>", line 1129, in get_code
  File "<frozen importlib._bootstrap_external>", line 1059, in source_to_code
  File "<frozen importlib._bootstrap>", line 488, in _call_with_frames_removed
  File "/opt/airflow/dags/stock_potofolio_pipeline_{The_Experts}.py", line 33
    
    ^
IndentationError: expected an indented block after 'with' statement on line 24
[2025-12-14T23:07:13.558+0000] {processor.py:842} WARNING - No viable dags retrieved from /opt/airflow/dags/stock_potofolio_pipeline_{The_Experts}.py
[2025-12-14T23:07:13.654+0000] {processor.py:183} INFO - Processing /opt/airflow/dags/stock_potofolio_pipeline_{The_Experts}.py took 0.132 seconds
[2025-12-14T23:07:44.261+0000] {processor.py:161} INFO - Started process (PID=200) to work on /opt/airflow/dags/stock_potofolio_pipeline_{The_Experts}.py
[2025-12-14T23:07:44.263+0000] {processor.py:830} INFO - Processing file /opt/airflow/dags/stock_potofolio_pipeline_{The_Experts}.py for tasks to queue
[2025-12-14T23:07:44.266+0000] {logging_mixin.py:188} INFO - [2025-12-14T23:07:44.266+0000] {dagbag.py:545} INFO - Filling up the DagBag from /opt/airflow/dags/stock_potofolio_pipeline_{The_Experts}.py
[2025-12-14T23:07:44.288+0000] {logging_mixin.py:188} INFO - [2025-12-14T23:07:44.287+0000] {dagbag.py:355} ERROR - Failed to import: /opt/airflow/dags/stock_potofolio_pipeline_{The_Experts}.py
Traceback (most recent call last):
  File "/home/airflow/.local/lib/python3.12/site-packages/airflow/models/dagbag.py", line 351, in parse
    loader.exec_module(new_module)
  File "<frozen importlib._bootstrap_external>", line 991, in exec_module
  File "<frozen importlib._bootstrap_external>", line 1129, in get_code
  File "<frozen importlib._bootstrap_external>", line 1059, in source_to_code
  File "<frozen importlib._bootstrap>", line 488, in _call_with_frames_removed
  File "/opt/airflow/dags/stock_potofolio_pipeline_{The_Experts}.py", line 33
    
    ^
IndentationError: expected an indented block after 'with' statement on line 24
[2025-12-14T23:07:44.290+0000] {processor.py:842} WARNING - No viable dags retrieved from /opt/airflow/dags/stock_potofolio_pipeline_{The_Experts}.py
[2025-12-14T23:07:44.331+0000] {processor.py:183} INFO - Processing /opt/airflow/dags/stock_potofolio_pipeline_{The_Experts}.py took 0.082 seconds
[2025-12-14T23:08:14.632+0000] {processor.py:161} INFO - Started process (PID=205) to work on /opt/airflow/dags/stock_potofolio_pipeline_{The_Experts}.py
[2025-12-14T23:08:14.633+0000] {processor.py:830} INFO - Processing file /opt/airflow/dags/stock_potofolio_pipeline_{The_Experts}.py for tasks to queue
[2025-12-14T23:08:14.636+0000] {logging_mixin.py:188} INFO - [2025-12-14T23:08:14.636+0000] {dagbag.py:545} INFO - Filling up the DagBag from /opt/airflow/dags/stock_potofolio_pipeline_{The_Experts}.py
[2025-12-14T23:08:14.656+0000] {logging_mixin.py:188} INFO - [2025-12-14T23:08:14.655+0000] {dagbag.py:355} ERROR - Failed to import: /opt/airflow/dags/stock_potofolio_pipeline_{The_Experts}.py
Traceback (most recent call last):
  File "/home/airflow/.local/lib/python3.12/site-packages/airflow/models/dagbag.py", line 351, in parse
    loader.exec_module(new_module)
  File "<frozen importlib._bootstrap_external>", line 991, in exec_module
  File "<frozen importlib._bootstrap_external>", line 1129, in get_code
  File "<frozen importlib._bootstrap_external>", line 1059, in source_to_code
  File "<frozen importlib._bootstrap>", line 488, in _call_with_frames_removed
  File "/opt/airflow/dags/stock_potofolio_pipeline_{The_Experts}.py", line 33
    
    ^
IndentationError: expected an indented block after 'with' statement on line 24
[2025-12-14T23:08:14.657+0000] {processor.py:842} WARNING - No viable dags retrieved from /opt/airflow/dags/stock_potofolio_pipeline_{The_Experts}.py
[2025-12-14T23:08:14.688+0000] {processor.py:183} INFO - Processing /opt/airflow/dags/stock_potofolio_pipeline_{The_Experts}.py took 0.064 seconds
[2025-12-14T23:08:45.519+0000] {processor.py:161} INFO - Started process (PID=210) to work on /opt/airflow/dags/stock_potofolio_pipeline_{The_Experts}.py
[2025-12-14T23:08:45.521+0000] {processor.py:830} INFO - Processing file /opt/airflow/dags/stock_potofolio_pipeline_{The_Experts}.py for tasks to queue
[2025-12-14T23:08:45.525+0000] {logging_mixin.py:188} INFO - [2025-12-14T23:08:45.525+0000] {dagbag.py:545} INFO - Filling up the DagBag from /opt/airflow/dags/stock_potofolio_pipeline_{The_Experts}.py
[2025-12-14T23:08:45.545+0000] {logging_mixin.py:188} INFO - [2025-12-14T23:08:45.544+0000] {dagbag.py:355} ERROR - Failed to import: /opt/airflow/dags/stock_potofolio_pipeline_{The_Experts}.py
Traceback (most recent call last):
  File "/home/airflow/.local/lib/python3.12/site-packages/airflow/models/dagbag.py", line 351, in parse
    loader.exec_module(new_module)
  File "<frozen importlib._bootstrap_external>", line 991, in exec_module
  File "<frozen importlib._bootstrap_external>", line 1129, in get_code
  File "<frozen importlib._bootstrap_external>", line 1059, in source_to_code
  File "<frozen importlib._bootstrap>", line 488, in _call_with_frames_removed
  File "/opt/airflow/dags/stock_potofolio_pipeline_{The_Experts}.py", line 33
    
    ^
IndentationError: expected an indented block after 'with' statement on line 24
[2025-12-14T23:08:45.547+0000] {processor.py:842} WARNING - No viable dags retrieved from /opt/airflow/dags/stock_potofolio_pipeline_{The_Experts}.py
[2025-12-14T23:08:45.589+0000] {processor.py:183} INFO - Processing /opt/airflow/dags/stock_potofolio_pipeline_{The_Experts}.py took 0.078 seconds
[2025-12-14T23:09:15.959+0000] {processor.py:161} INFO - Started process (PID=215) to work on /opt/airflow/dags/stock_potofolio_pipeline_{The_Experts}.py
[2025-12-14T23:09:15.962+0000] {processor.py:830} INFO - Processing file /opt/airflow/dags/stock_potofolio_pipeline_{The_Experts}.py for tasks to queue
[2025-12-14T23:09:15.976+0000] {logging_mixin.py:188} INFO - [2025-12-14T23:09:15.975+0000] {dagbag.py:545} INFO - Filling up the DagBag from /opt/airflow/dags/stock_potofolio_pipeline_{The_Experts}.py
[2025-12-14T23:09:16.020+0000] {logging_mixin.py:188} INFO - [2025-12-14T23:09:16.017+0000] {dagbag.py:355} ERROR - Failed to import: /opt/airflow/dags/stock_potofolio_pipeline_{The_Experts}.py
Traceback (most recent call last):
  File "/home/airflow/.local/lib/python3.12/site-packages/airflow/models/dagbag.py", line 351, in parse
    loader.exec_module(new_module)
  File "<frozen importlib._bootstrap_external>", line 991, in exec_module
  File "<frozen importlib._bootstrap_external>", line 1129, in get_code
  File "<frozen importlib._bootstrap_external>", line 1059, in source_to_code
  File "<frozen importlib._bootstrap>", line 488, in _call_with_frames_removed
  File "/opt/airflow/dags/stock_potofolio_pipeline_{The_Experts}.py", line 33
    
    ^
IndentationError: expected an indented block after 'with' statement on line 24
[2025-12-14T23:09:16.022+0000] {processor.py:842} WARNING - No viable dags retrieved from /opt/airflow/dags/stock_potofolio_pipeline_{The_Experts}.py
[2025-12-14T23:09:16.082+0000] {processor.py:183} INFO - Processing /opt/airflow/dags/stock_potofolio_pipeline_{The_Experts}.py took 0.148 seconds
[2025-12-14T23:09:46.581+0000] {processor.py:161} INFO - Started process (PID=220) to work on /opt/airflow/dags/stock_potofolio_pipeline_{The_Experts}.py
[2025-12-14T23:09:46.584+0000] {processor.py:830} INFO - Processing file /opt/airflow/dags/stock_potofolio_pipeline_{The_Experts}.py for tasks to queue
[2025-12-14T23:09:46.592+0000] {logging_mixin.py:188} INFO - [2025-12-14T23:09:46.591+0000] {dagbag.py:545} INFO - Filling up the DagBag from /opt/airflow/dags/stock_potofolio_pipeline_{The_Experts}.py
[2025-12-14T23:09:46.623+0000] {logging_mixin.py:188} INFO - [2025-12-14T23:09:46.621+0000] {dagbag.py:355} ERROR - Failed to import: /opt/airflow/dags/stock_potofolio_pipeline_{The_Experts}.py
Traceback (most recent call last):
  File "/home/airflow/.local/lib/python3.12/site-packages/airflow/models/dagbag.py", line 351, in parse
    loader.exec_module(new_module)
  File "<frozen importlib._bootstrap_external>", line 991, in exec_module
  File "<frozen importlib._bootstrap_external>", line 1129, in get_code
  File "<frozen importlib._bootstrap_external>", line 1059, in source_to_code
  File "<frozen importlib._bootstrap>", line 488, in _call_with_frames_removed
  File "/opt/airflow/dags/stock_potofolio_pipeline_{The_Experts}.py", line 33
    
    ^
IndentationError: expected an indented block after 'with' statement on line 24
[2025-12-14T23:09:46.625+0000] {processor.py:842} WARNING - No viable dags retrieved from /opt/airflow/dags/stock_potofolio_pipeline_{The_Experts}.py
[2025-12-14T23:09:46.665+0000] {processor.py:183} INFO - Processing /opt/airflow/dags/stock_potofolio_pipeline_{The_Experts}.py took 0.098 seconds
[2025-12-14T23:10:17.166+0000] {processor.py:161} INFO - Started process (PID=225) to work on /opt/airflow/dags/stock_potofolio_pipeline_{The_Experts}.py
[2025-12-14T23:10:17.168+0000] {processor.py:830} INFO - Processing file /opt/airflow/dags/stock_potofolio_pipeline_{The_Experts}.py for tasks to queue
[2025-12-14T23:10:17.176+0000] {logging_mixin.py:188} INFO - [2025-12-14T23:10:17.175+0000] {dagbag.py:545} INFO - Filling up the DagBag from /opt/airflow/dags/stock_potofolio_pipeline_{The_Experts}.py
[2025-12-14T23:10:17.200+0000] {logging_mixin.py:188} INFO - [2025-12-14T23:10:17.198+0000] {dagbag.py:355} ERROR - Failed to import: /opt/airflow/dags/stock_potofolio_pipeline_{The_Experts}.py
Traceback (most recent call last):
  File "/home/airflow/.local/lib/python3.12/site-packages/airflow/models/dagbag.py", line 351, in parse
    loader.exec_module(new_module)
  File "<frozen importlib._bootstrap_external>", line 991, in exec_module
  File "<frozen importlib._bootstrap_external>", line 1129, in get_code
  File "<frozen importlib._bootstrap_external>", line 1059, in source_to_code
  File "<frozen importlib._bootstrap>", line 488, in _call_with_frames_removed
  File "/opt/airflow/dags/stock_potofolio_pipeline_{The_Experts}.py", line 33
    
    ^
IndentationError: expected an indented block after 'with' statement on line 24
[2025-12-14T23:10:17.201+0000] {processor.py:842} WARNING - No viable dags retrieved from /opt/airflow/dags/stock_potofolio_pipeline_{The_Experts}.py
[2025-12-14T23:10:17.243+0000] {processor.py:183} INFO - Processing /opt/airflow/dags/stock_potofolio_pipeline_{The_Experts}.py took 0.086 seconds
[2025-12-14T23:10:47.598+0000] {processor.py:161} INFO - Started process (PID=230) to work on /opt/airflow/dags/stock_potofolio_pipeline_{The_Experts}.py
[2025-12-14T23:10:47.600+0000] {processor.py:830} INFO - Processing file /opt/airflow/dags/stock_potofolio_pipeline_{The_Experts}.py for tasks to queue
[2025-12-14T23:10:47.604+0000] {logging_mixin.py:188} INFO - [2025-12-14T23:10:47.604+0000] {dagbag.py:545} INFO - Filling up the DagBag from /opt/airflow/dags/stock_potofolio_pipeline_{The_Experts}.py
[2025-12-14T23:10:47.625+0000] {logging_mixin.py:188} INFO - [2025-12-14T23:10:47.623+0000] {dagbag.py:355} ERROR - Failed to import: /opt/airflow/dags/stock_potofolio_pipeline_{The_Experts}.py
Traceback (most recent call last):
  File "/home/airflow/.local/lib/python3.12/site-packages/airflow/models/dagbag.py", line 351, in parse
    loader.exec_module(new_module)
  File "<frozen importlib._bootstrap_external>", line 991, in exec_module
  File "<frozen importlib._bootstrap_external>", line 1129, in get_code
  File "<frozen importlib._bootstrap_external>", line 1059, in source_to_code
  File "<frozen importlib._bootstrap>", line 488, in _call_with_frames_removed
  File "/opt/airflow/dags/stock_potofolio_pipeline_{The_Experts}.py", line 33
    
    ^
IndentationError: expected an indented block after 'with' statement on line 24
[2025-12-14T23:10:47.626+0000] {processor.py:842} WARNING - No viable dags retrieved from /opt/airflow/dags/stock_potofolio_pipeline_{The_Experts}.py
[2025-12-14T23:10:47.662+0000] {processor.py:183} INFO - Processing /opt/airflow/dags/stock_potofolio_pipeline_{The_Experts}.py took 0.076 seconds
[2025-12-14T23:11:18.085+0000] {processor.py:161} INFO - Started process (PID=235) to work on /opt/airflow/dags/stock_potofolio_pipeline_{The_Experts}.py
[2025-12-14T23:11:18.087+0000] {processor.py:830} INFO - Processing file /opt/airflow/dags/stock_potofolio_pipeline_{The_Experts}.py for tasks to queue
[2025-12-14T23:11:18.091+0000] {logging_mixin.py:188} INFO - [2025-12-14T23:11:18.090+0000] {dagbag.py:545} INFO - Filling up the DagBag from /opt/airflow/dags/stock_potofolio_pipeline_{The_Experts}.py
[2025-12-14T23:11:18.113+0000] {logging_mixin.py:188} INFO - [2025-12-14T23:11:18.110+0000] {dagbag.py:355} ERROR - Failed to import: /opt/airflow/dags/stock_potofolio_pipeline_{The_Experts}.py
Traceback (most recent call last):
  File "/home/airflow/.local/lib/python3.12/site-packages/airflow/models/dagbag.py", line 351, in parse
    loader.exec_module(new_module)
  File "<frozen importlib._bootstrap_external>", line 991, in exec_module
  File "<frozen importlib._bootstrap_external>", line 1129, in get_code
  File "<frozen importlib._bootstrap_external>", line 1059, in source_to_code
  File "<frozen importlib._bootstrap>", line 488, in _call_with_frames_removed
  File "/opt/airflow/dags/stock_potofolio_pipeline_{The_Experts}.py", line 33
    
    ^
IndentationError: expected an indented block after 'with' statement on line 24
[2025-12-14T23:11:18.115+0000] {processor.py:842} WARNING - No viable dags retrieved from /opt/airflow/dags/stock_potofolio_pipeline_{The_Experts}.py
[2025-12-14T23:11:18.162+0000] {processor.py:183} INFO - Processing /opt/airflow/dags/stock_potofolio_pipeline_{The_Experts}.py took 0.088 seconds
[2025-12-14T23:11:23.277+0000] {processor.py:161} INFO - Started process (PID=240) to work on /opt/airflow/dags/stock_potofolio_pipeline_{The_Experts}.py
[2025-12-14T23:11:23.278+0000] {processor.py:830} INFO - Processing file /opt/airflow/dags/stock_potofolio_pipeline_{The_Experts}.py for tasks to queue
[2025-12-14T23:11:23.282+0000] {logging_mixin.py:188} INFO - [2025-12-14T23:11:23.281+0000] {dagbag.py:545} INFO - Filling up the DagBag from /opt/airflow/dags/stock_potofolio_pipeline_{The_Experts}.py
[2025-12-14T23:11:23.575+0000] {logging_mixin.py:188} INFO - [2025-12-14T23:11:23.568+0000] {dagbag.py:355} ERROR - Failed to import: /opt/airflow/dags/stock_potofolio_pipeline_{The_Experts}.py
Traceback (most recent call last):
  File "/home/airflow/.local/lib/python3.12/site-packages/airflow/models/dagbag.py", line 351, in parse
    loader.exec_module(new_module)
  File "<frozen importlib._bootstrap_external>", line 995, in exec_module
  File "<frozen importlib._bootstrap>", line 488, in _call_with_frames_removed
  File "/opt/airflow/dags/stock_potofolio_pipeline_{The_Experts}.py", line 15, in <module>
    from app.src.DataPipline import *
ModuleNotFoundError: No module named 'app'
[2025-12-14T23:11:23.578+0000] {processor.py:842} WARNING - No viable dags retrieved from /opt/airflow/dags/stock_potofolio_pipeline_{The_Experts}.py
[2025-12-14T23:11:23.651+0000] {processor.py:183} INFO - Processing /opt/airflow/dags/stock_potofolio_pipeline_{The_Experts}.py took 0.385 seconds
